0 info it worked if it ends with ok
1 verbose cli [ '/Users/owl/.nvm/versions/node/v6.9.2/bin/node',
1 verbose cli   '/Users/owl/.nvm/versions/node/v6.9.2/bin/npm',
1 verbose cli   'run',
1 verbose cli   'production' ]
2 info using npm@3.10.9
3 info using node@v6.9.2
4 verbose run-script [ 'preproduction', 'production', 'postproduction' ]
5 info lifecycle @~preproduction: @
6 silly lifecycle @~preproduction: no script for preproduction, continuing
7 info lifecycle @~production: @
8 verbose lifecycle @~production: unsafe-perm in lifecycle true
9 verbose lifecycle @~production: PATH: /Users/owl/.nvm/versions/node/v6.9.2/lib/node_modules/npm/bin/node-gyp-bin:/Users/owl/Code/muuch/node_modules/.bin:/Users/owl/.rvm/gems/ruby-2.2.1/bin:/Users/owl/.rvm/gems/ruby-2.2.1@global/bin:/Users/owl/.rvm/rubies/ruby-2.2.1/bin:/Users/owl/.nvm/versions/node/v6.9.2/bin:/usr/local/heroku/bin:/usr/local/bin:/usr/bin:/usr/local/sbin:/bin:/usr/sbin:/sbin:/Users/owl/.composer/vendor/bin:vendor/bin:/Users/owl/.get-shit-done:/Users/owl/.npm-packages/bin:/Library/Frameworks/Python.framework/Versions/2.7/bin:/Library/Frameworks/Python.framework/Versions/3.5/bin:/usr/local/bin:/usr/bin:/bin:/usr/sbin:/sbin:/usr/local/m-cli:/Applications/Postgres.app/Contents/Versions/latest/bin:/Users/owl/.rvm/bin
10 verbose lifecycle @~production: CWD: /Users/owl/Code/muuch
11 silly lifecycle @~production: Args: [ '-c',
11 silly lifecycle   'node node_modules/cross-env/dist/bin/cross-env.js NODE_ENV=production node_modules/webpack/bin/webpack.js --progress --hide-modules --config=node_modules/laravel-mix/setup/webpack.config.js' ]
12 silly lifecycle @~production: Returned: code: 2  signal: null
13 info lifecycle @~production: Failed to exec production script
14 verbose stack Error: @ production: `node node_modules/cross-env/dist/bin/cross-env.js NODE_ENV=production node_modules/webpack/bin/webpack.js --progress --hide-modules --config=node_modules/laravel-mix/setup/webpack.config.js`
14 verbose stack Exit status 2
14 verbose stack     at EventEmitter.<anonymous> (/Users/owl/.nvm/versions/node/v6.9.2/lib/node_modules/npm/lib/utils/lifecycle.js:255:16)
14 verbose stack     at emitTwo (events.js:106:13)
14 verbose stack     at EventEmitter.emit (events.js:191:7)
14 verbose stack     at ChildProcess.<anonymous> (/Users/owl/.nvm/versions/node/v6.9.2/lib/node_modules/npm/lib/utils/spawn.js:40:14)
14 verbose stack     at emitTwo (events.js:106:13)
14 verbose stack     at ChildProcess.emit (events.js:191:7)
14 verbose stack     at maybeClose (internal/child_process.js:877:16)
14 verbose stack     at Process.ChildProcess._handle.onexit (internal/child_process.js:226:5)
15 verbose pkgid @
16 verbose cwd /Users/owl/Code/muuch
17 error Darwin 16.7.0
18 error argv "/Users/owl/.nvm/versions/node/v6.9.2/bin/node" "/Users/owl/.nvm/versions/node/v6.9.2/bin/npm" "run" "production"
19 error node v6.9.2
20 error npm  v3.10.9
21 error code ELIFECYCLE
22 error @ production: `node node_modules/cross-env/dist/bin/cross-env.js NODE_ENV=production node_modules/webpack/bin/webpack.js --progress --hide-modules --config=node_modules/laravel-mix/setup/webpack.config.js`
22 error Exit status 2
23 error Failed at the @ production script 'node node_modules/cross-env/dist/bin/cross-env.js NODE_ENV=production node_modules/webpack/bin/webpack.js --progress --hide-modules --config=node_modules/laravel-mix/setup/webpack.config.js'.
23 error Make sure you have the latest version of node.js and npm installed.
23 error If you do, this is most likely a problem with the  package,
23 error not with npm itself.
23 error Tell the author that this fails on your system:
23 error     node node_modules/cross-env/dist/bin/cross-env.js NODE_ENV=production node_modules/webpack/bin/webpack.js --progress --hide-modules --config=node_modules/laravel-mix/setup/webpack.config.js
23 error You can get information on how to open an issue for this project with:
23 error     npm bugs
23 error Or if that isn't available, you can get their info via:
23 error     npm owner ls
23 error There is likely additional logging output above.
24 verbose exit [ 1, true ]
